[debug] [2023-11-15T03:24:44.387Z] ----------------------------------------------------------------------
[debug] [2023-11-15T03:24:44.390Z] Command:       C:\Program Files\nodejs\node.exe C:\Users\mikey\AppData\Roaming\npm\node_modules\firebase-tools\lib\bin\firebase.js init hosting:github
[debug] [2023-11-15T03:24:44.390Z] CLI Version:   12.8.1
[debug] [2023-11-15T03:24:44.391Z] Platform:      win32
[debug] [2023-11-15T03:24:44.391Z] Node Version:  v18.17.1
[debug] [2023-11-15T03:24:44.392Z] Time:          Tue Nov 14 2023 21:24:44 GMT-0600 (Central Standard Time)
[debug] [2023-11-15T03:24:44.392Z] ----------------------------------------------------------------------
[debug] 
[debug] [2023-11-15T03:24:44.499Z] > command requires scopes: ["email","openid","https://www.googleapis.com/auth/cloudplatformprojects.readonly","https://www.googleapis.com/auth/firebase","https://www.googleapis.com/auth/cloud-platform"]
[debug] [2023-11-15T03:24:44.500Z] > authorizing via signed-in user (mikey.henleys@gmail.com)
[info] 
     ######## #### ########  ######## ########     ###     ######  ########
     ##        ##  ##     ## ##       ##     ##  ##   ##  ##       ##
     ######    ##  ########  ######   ########  #########  ######  ######
     ##        ##  ##    ##  ##       ##     ## ##     ##       ## ##
     ##       #### ##     ## ######## ########  ##     ##  ######  ########

You're about to initialize a Firebase project in this directory:

  C:\Users\mikey\Documents\TaskIt-Project-\TaskItProject-app

Before we get started, keep in mind:

  * You are initializing within an existing Firebase project directory

[info] 
=== Project Setup
[info] 
[info] First, let's associate this project directory with a Firebase project.
[info] You can create multiple project aliases by running firebase use --add, 
[info] but for now we'll just set up a default project.
[info] 
[debug] [2023-11-15T03:24:54.293Z] Using project from CLI flag: taskit-6bb43
[debug] [2023-11-15T03:24:54.294Z] > refreshing access token with scopes: []
[debug] [2023-11-15T03:24:54.296Z] >>> [apiv2][query] POST https://www.googleapis.com/oauth2/v3/token [none]
[debug] [2023-11-15T03:24:54.297Z] >>> [apiv2][body] POST https://www.googleapis.com/oauth2/v3/token [omitted]
[debug] [2023-11-15T03:24:54.526Z] <<< [apiv2][status] POST https://www.googleapis.com/oauth2/v3/token 200
[debug] [2023-11-15T03:24:54.526Z] <<< [apiv2][body] POST https://www.googleapis.com/oauth2/v3/token [omitted]
[debug] [2023-11-15T03:24:54.540Z] >>> [apiv2][query] GET https://firebase.googleapis.com/v1beta1/projects/taskit-6bb43 [none]
[debug] [2023-11-15T03:24:54.760Z] <<< [apiv2][status] GET https://firebase.googleapis.com/v1beta1/projects/taskit-6bb43 200
[debug] [2023-11-15T03:24:54.761Z] <<< [apiv2][body] GET https://firebase.googleapis.com/v1beta1/projects/taskit-6bb43 {"projectId":"taskit-6bb43","projectNumber":"774866712925","displayName":"taskIt","name":"projects/taskit-6bb43","resources":{"hostingSite":"taskit-6bb43","realtimeDatabaseInstance":"taskit-6bb43-default-rtdb"},"state":"ACTIVE","etag":"1_d7a81bf1-96d3-4503-808c-041e3fedf7a7"}
[info] i  Using project taskit-6bb43 (taskIt) 
[info] 
=== Hosting:github Setup
[info] 
[info] i  Detected a .git folder at C:\Users\mikey\Documents\TaskIt-Project- 
[info] i  Authorizing with GitHub to upload your service account to a GitHub repository's secrets store. 
[info] 
[info] Visit this URL on this device to log in:
[info] https://github.com/login/oauth/authorize?client_id=89cf50f02ac6aaed3484&state=33388850&redirect_uri=http%3A%2F%2Flocalhost%3A9005&scope=read%3Auser%20repo%20public_repo
[info] 
[info] Waiting for authentication...
[debug] [2023-11-15T03:24:55.315Z] >>> [apiv2][query] POST https://github.com/login/oauth/access_token [none]
[debug] [2023-11-15T03:24:55.315Z] >>> [apiv2][body] POST https://github.com/login/oauth/access_token [stream]
[debug] [2023-11-15T03:24:55.627Z] <<< [apiv2][status] POST https://github.com/login/oauth/access_token 200
[debug] [2023-11-15T03:24:55.627Z] <<< [apiv2][body] POST https://github.com/login/oauth/access_token {"access_token":"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","token_type":"bearer","scope":"read:user,repo"}
[debug] [2023-11-15T03:24:55.648Z] >>> [apiv2][query] GET https://api.github.com/user [none]
[debug] [2023-11-15T03:24:55.921Z] <<< [apiv2][status] GET https://api.github.com/user 200
[debug] [2023-11-15T03:24:55.922Z] <<< [apiv2][body] GET https://api.github.com/user {"login":"mik3ymikes","id":113144829,"node_id":"U_kgDOBr5z_Q","avatar_url":"https://avatars.githubusercontent.com/u/113144829?v=4","gravatar_id":"","url":"https://api.github.com/users/mik3ymikes","html_url":"https://github.com/mik3ymikes","followers_url":"https://api.github.com/users/mik3ymikes/followers","following_url":"https://api.github.com/users/mik3ymikes/following{/other_user}","gists_url":"https://api.github.com/users/mik3ymikes/gists{/gist_id}","starred_url":"https://api.github.com/users/mik3ymikes/starred{/owner}{/repo}","subscriptions_url":"https://api.github.com/users/mik3ymikes/subscriptions","organizations_url":"https://api.github.com/users/mik3ymikes/orgs","repos_url":"https://api.github.com/users/mik3ymikes/repos","events_url":"https://api.github.com/users/mik3ymikes/events{/privacy}","received_events_url":"https://api.github.com/users/mik3ymikes/received_events","type":"User","site_admin":false,"name":"Mike Henley","company":null,"blog":"","location":null,"email":null,"hireable":null,"bio":null,"twitter_username":null,"public_repos":18,"public_gists":0,"followers":0,"following":0,"created_at":"2022-09-08T21:55:03Z","updated_at":"2023-11-03T21:38:57Z","private_gists":0,"total_private_repos":0,"owned_private_repos":0,"disk_usage":27829,"collaborators":0,"two_factor_authentication":false,"plan":{"name":"free","space":976562499,"collaborators":0,"private_repos":10000}}
[info] 
[info] +  Success! Logged into GitHub as mik3ymikes 
[info] 
